<?xml version="1.0" encoding="UTF-8"?>
<testng-results skipped="0" failed="0" ignored="0" total="1" passed="1">
  <reporter-output>
  </reporter-output>
  <suite name="Default suite" duration-ms="12704" started-at="2021-09-11T17:08:36Z" finished-at="2021-09-11T17:08:49Z">
    <groups>
      <group name="cucumber">
        <method signature="Testrunner.feature(cucumber.api.testng.CucumberFeatureWrapper)[pri:0, instance:testrunner.Testrunner@3eb7fc54]" name="feature" class="testrunner.Testrunner"/>
      </group> <!-- cucumber -->
    </groups>
    <test name="Default test" duration-ms="12704" started-at="2021-09-11T17:08:36Z" finished-at="2021-09-11T17:08:49Z">
      <class name="testrunner.Testrunner">
        <test-method status="PASS" signature="setUpClass()[pri:0, instance:testrunner.Testrunner@3eb7fc54]" name="setUpClass" is-config="true" duration-ms="213" started-at="2021-09-11T17:08:36Z" finished-at="2021-09-11T17:08:36Z">
          <reporter-output>
          </reporter-output>
        </test-method> <!-- setUpClass -->
        <test-method status="PASS" signature="feature(cucumber.api.testng.CucumberFeatureWrapper)[pri:0, instance:testrunner.Testrunner@3eb7fc54]" name="feature" duration-ms="12365" started-at="2021-09-11T17:08:36Z" description="Runs Cucumber Feature" data-provider="features" finished-at="2021-09-11T17:08:48Z">
          <params>
            <param index="0">
              <value>
                <![CDATA[Admin Login]]>
              </value>
            </param>
          </params>
          <reporter-output>
          </reporter-output>
        </test-method> <!-- feature -->
        <test-method status="PASS" signature="tearDownClass()[pri:0, instance:testrunner.Testrunner@3eb7fc54]" name="tearDownClass" is-config="true" duration-ms="11" started-at="2021-09-11T17:08:48Z" finished-at="2021-09-11T17:08:49Z">
          <reporter-output>
          </reporter-output>
        </test-method> <!-- tearDownClass -->
      </class> <!-- testrunner.Testrunner -->
    </test> <!-- Default test -->
  </suite> <!-- Default suite -->
</testng-results>
